<?xml version="1.0" encoding="UTF-8"?>
<!-- Generated by org.testng.reporters.JUnitReportReporter -->
<testsuite hostname="LAPTOP-R5I2KBD8" failures="0" tests="2" name="qaclickacademy.AppiumTest" time="0.006" errors="0" timestamp="2021-09-15T14:04:37 IST" skipped="0">
  <testcase classname="qaclickacademy.AppiumTest" name="androidApi" time="0.006"/>
  <system-out/>
  <testcase classname="qaclickacademy.AppiumTest" name="appleIos" time="0.000"/>
  <system-out/>
</testsuite> <!-- qaclickacademy.AppiumTest -->
