<?xml version="1.0" encoding="UTF-8"?>
<!-- Generated by org.testng.reporters.JUnitReportReporter -->
<testsuite hostname="LAPTOP-R5I2KBD8" failures="0" tests="2" name="qaclickacademy.SeleniumTest" time="0.000" errors="0" timestamp="2021-09-15T23:51:23 IST" skipped="0">
  <testcase classname="qaclickacademy.SeleniumTest" name="elementsUi" time="0.000"/>
  <system-out/>
  <testcase classname="qaclickacademy.SeleniumTest" name="browserAuto" time="0.000"/>
  <system-out/>
</testsuite> <!-- qaclickacademy.SeleniumTest -->
