<?xml version="1.0" encoding="UTF-8"?>
<!-- Generated by org.testng.reporters.JUnitReportReporter -->
<testsuite hostname="LAPTOP-R5I2KBD8" failures="0" tests="2" name="qaclickacademy.RestApiTest" time="0.000" errors="0" timestamp="2021-09-15T23:51:23 IST" skipped="0">
  <testcase classname="qaclickacademy.RestApiTest" name="delTwit" time="0.000"/>
  <system-out/>
  <testcase classname="qaclickacademy.RestApiTest" name="postJira" time="0.000"/>
  <system-out/>
</testsuite> <!-- qaclickacademy.RestApiTest -->
