<?xml version="1.0" encoding="UTF-8"?>
<!-- Generated by org.testng.reporters.JUnitReportReporter -->
<testsuite hostname="LAPTOP-R5I2KBD8" failures="0" tests="2" name="qaclickacademy.AppiumTest" time="0.008" errors="0" timestamp="2021-09-15T23:51:23 IST" skipped="0">
  <testcase classname="qaclickacademy.AppiumTest" name="androidApi" time="0.007"/>
  <system-out/>
  <testcase classname="qaclickacademy.AppiumTest" name="appleIos" time="0.001"/>
  <system-out/>
</testsuite> <!-- qaclickacademy.AppiumTest -->
